#
# A fatal error has been detected by the Java Runtime Environment:
#
#  EXCEPTION_ACCESS_VIOLATION (0xc0000005) at pc=0x000000005f816705, pid=7860, tid=0x0000000000001b10
#
# JRE version: Java(TM) SE Runtime Environment (8.0_131-b11) (build 1.8.0_131-b11)
# Java VM: Java HotSpot(TM) 64-Bit Server VM (25.131-b11 mixed mode windows-amd64 compressed oops)
# Problematic frame:
# V  [jvm.dll+0x76705]
#
# Failed to write core dump. Minidumps are not enabled by default on client versions of Windows
#
# If you would like to submit a bug report, please visit:
#   http://bugreport.java.com/bugreport/crash.jsp
#

---------------  T H R E A D  ---------------

Current thread (0x0000000019ba6000):  VMThread [stack: 0x000000001ac50000,0x000000001ad50000] [id=6928]

siginfo: ExceptionCode=0xc0000005, reading address 0xffffffffffffffff

Registers:
RAX=0x0000000000000000, RBX=0x000000001bf77634, RCX=0x000000000000001f, RDX=0x0000000000000005
RSP=0x000000001ad4f440, RBP=0x000000001ad4f670, RSI=0x000000001bff74c8, RDI=0x000000001ad4f688
R8 =0x0000000000000001, R9 =0xea49ce1500000000, R10=0x00007ffa351825e0, R11=0x000000001ad4f498
R12=0x000000000000c4c0, R13=0x000000000000c4c0, R14=0x000000001ad4f4e0, R15=0x000000001ad4f688
RIP=0x000000005f816705, EFLAGS=0x0000000000010246

Top of Stack: (sp=0x000000001ad4f440)
0x000000001ad4f440:   0000000000000000 000000005f8c6dbf
0x000000001ad4f450:   0000000000000000 0000000000000004
0x000000001ad4f460:   0000000000003593 0000000000000000
0x000000001ad4f470:   000000005fdf46a0 0000000000000000
0x000000001ad4f480:   000000005ff74b50 000000005ff74ae0
0x000000001ad4f490:   000000001ad4f5e0 000000005f8167f9
0x000000001ad4f4a0:   000000001ad4f670 0000000000000004
0x000000001ad4f4b0:   000000001ad4f688 0000000000000000
0x000000001ad4f4c0:   000000001ad4f4e0 000000001ad4f670
0x000000001ad4f4d0:   0000000000000000 000000005fb9e77a
0x000000001ad4f4e0:   000000000002509d 0000000019ab5520
0x000000001ad4f4f0:   0000000000000000 000000005fdf46a0
0x000000001ad4f500:   000000005ff74ae0 0000000000000003
0x000000001ad4f510:   000000005ff74ae0 0000000000000003
0x000000001ad4f520:   0000000000000000 000000000000012d
0x000000001ad4f530:   000000000000005c 0000000000000003 

Instructions: (pc=0x000000005f816705)
0x000000005f8166e5:   f6 43 08 01 74 0d 83 3d de a7 79 00 00 0f 84 83
0x000000005f8166f5:   00 00 00 4c 8b 4b 10 4c 63 05 6d fa 74 00 33 c0
0x000000005f816705:   41 0f b7 09 85 c9 0f 4f c1 48 63 d0 48 83 c2 0f
0x000000005f816715:   48 c1 ea 03 42 8d 44 02 ff 48 63 d0 41 8d 40 ff 


Register to memory mapping:

RAX=0x0000000000000000 is an unknown value
RBX=0x000000001bf77634 is an unknown value
RCX=0x000000000000001f is an unknown value
RDX=0x0000000000000005 is an unknown value
RSP=0x000000001ad4f440 is an unknown value
RBP=0x000000001ad4f670 is an unknown value
RSI=0x000000001bff74c8 is an unknown value
RDI=0x000000001ad4f688 is an unknown value
R8 =0x0000000000000001 is an unknown value
R9 =0xea49ce1500000000 is an unknown value
R10=0x00007ffa351825e0 is an unknown value
R11=0x000000001ad4f498 is an unknown value
R12=0x000000000000c4c0 is an unknown value
R13=0x000000000000c4c0 is an unknown value
R14=0x000000001ad4f4e0 is an unknown value
R15=0x000000001ad4f688 is an unknown value


Stack: [0x000000001ac50000,0x000000001ad50000],  sp=0x000000001ad4f440,  free space=1021k
Native frames: (J=compiled Java code, j=interpreted, Vv=VM code, C=native code)
V  [jvm.dll+0x76705]
V  [jvm.dll+0x767f9]
V  [jvm.dll+0x3fe77a]
V  [jvm.dll+0x3ffa7a]
V  [jvm.dll+0x40009b]
V  [jvm.dll+0xaff25]
V  [jvm.dll+0x29153c]
V  [jvm.dll+0x24c2a7]
V  [jvm.dll+0x24b546]
V  [jvm.dll+0x24b9e1]
V  [jvm.dll+0x24bbfe]
V  [jvm.dll+0x29cc1a]
C  [msvcr100.dll+0x21d9f]
C  [msvcr100.dll+0x21e3b]
C  [KERNEL32.DLL+0x8364]
C  [ntdll.dll+0x67091]

VM_Operation (0x000000001e8ac980): CollectForMetadataAllocation, mode: safepoint, requested by thread 0x000000001c26e800


---------------  P R O C E S S  ---------------

Java Threads: ( => current thread )
  0x000000001c26e800 JavaThread "Thread-10" [_thread_blocked, id=7024, stack(0x000000001e7b0000,0x000000001e8b0000)]
  0x000000001c2ba000 JavaThread "background-preinit" [_thread_blocked, id=3896, stack(0x000000001cfe0000,0x000000001d0e0000)]
  0x000000001c09f000 JavaThread "restartedMain" [_thread_blocked, id=8716, stack(0x000000001cee0000,0x000000001cfe0000)]
  0x000000001c09d000 JavaThread "Thread-2" [_thread_blocked, id=2144, stack(0x000000001cde0000,0x000000001cee0000)]
  0x000000001bfbe800 JavaThread "RMI Scheduler(0)" daemon [_thread_blocked, id=5280, stack(0x000000001cbe0000,0x000000001cce0000)]
  0x000000001bfae800 JavaThread "RMI TCP Connection(1)-10.103.59.67" daemon [_thread_in_native, id=6652, stack(0x000000001cae0000,0x000000001cbe0000)]
  0x000000001bd89800 JavaThread "RMI TCP Accept-0" daemon [_thread_in_native, id=7076, stack(0x000000001c3e0000,0x000000001c4e0000)]
  0x000000001b2d7000 JavaThread "Service Thread" daemon [_thread_blocked, id=3872, stack(0x000000001b950000,0x000000001ba50000)]
  0x000000001b231800 JavaThread "C1 CompilerThread2" daemon [_thread_blocked, id=7840, stack(0x000000001b850000,0x000000001b950000)]
  0x000000001b22f000 JavaThread "C2 CompilerThread1" daemon [_thread_blocked, id=7104, stack(0x000000001b750000,0x000000001b850000)]
  0x000000001b22c000 JavaThread "C2 CompilerThread0" daemon [_thread_blocked, id=9148, stack(0x000000001b650000,0x000000001b750000)]
  0x000000001b204000 JavaThread "Monitor Ctrl-Break" daemon [_thread_in_native, id=7572, stack(0x000000001b550000,0x000000001b650000)]
  0x000000001af58800 JavaThread "Attach Listener" daemon [_thread_blocked, id=2828, stack(0x000000001b450000,0x000000001b550000)]
  0x0000000019bdc000 JavaThread "Signal Dispatcher" daemon [_thread_blocked, id=6152, stack(0x000000001b350000,0x000000001b450000)]
  0x000000000345c000 JavaThread "Finalizer" daemon [_thread_blocked, id=4944, stack(0x000000001ae50000,0x000000001af50000)]
  0x0000000003452800 JavaThread "Reference Handler" daemon [_thread_blocked, id=9012, stack(0x000000001ad50000,0x000000001ae50000)]
  0x0000000003363800 JavaThread "main" [_thread_blocked, id=4068, stack(0x0000000002ff0000,0x00000000030f0000)]

Other Threads:
=>0x0000000019ba6000 VMThread [stack: 0x000000001ac50000,0x000000001ad50000] [id=6928]
  0x000000001bd8f000 WatcherThread [stack: 0x000000001c4e0000,0x000000001c5e0000] [id=2372]

VM state:at safepoint (normal execution)

VM Mutex/Monitor currently owned by a thread:  ([mutex/lock_event])
[0x00000000033608d0] Threads_lock - owner thread: 0x0000000019ba6000
[0x00000000033605d0] Heap_lock - owner thread: 0x000000001c26e800

Heap:
 PSYoungGen      total 52736K, used 7166K [0x0000000785b80000, 0x000000078c280000, 0x00000007c0000000)
  eden space 45568K, 0% used [0x0000000785b80000,0x0000000785b80000,0x0000000788800000)
  from space 7168K, 99% used [0x0000000788800000,0x0000000788eff810,0x0000000788f00000)
  to   space 7168K, 0% used [0x000000078bb80000,0x000000078bb80000,0x000000078c280000)
 ParOldGen       total 120320K, used 2519K [0x0000000711200000, 0x0000000718780000, 0x0000000785b80000)
  object space 120320K, 2% used [0x0000000711200000,0x0000000711475eb0,0x0000000718780000)
 Metaspace       used 20543K, capacity 21220K, committed 21296K, reserved 1067008K
  class space    used 2751K, capacity 2931K, committed 2944K, reserved 1048576K

Card table byte_map: [0x0000000012820000,0x0000000012da0000] byte_map_base: 0x000000000ef97000

Marking Bits: (ParMarkBitMap*) 0x000000005ffbc720
 Begin Bits: [0x0000000013550000, 0x0000000016108000)
 End Bits:   [0x0000000016108000, 0x0000000018cc0000)

Polling page: 0x0000000000df0000

CodeCache: size=245760Kb used=3462Kb max_used=3462Kb free=242297Kb
 bounds [0x0000000003460000, 0x00000000037d0000, 0x0000000012460000]
 total_blobs=1938 nmethods=1542 adapters=309
 compilation: enabled

Compilation events (10 events):
Event: 6.706 Thread 0x000000001b231800 nmethod 1538 0x00000000037be250 code [0x00000000037be3e0, 0x00000000037be678]
Event: 6.706 Thread 0x000000001b231800 1537       1       org.springframework.util.StringUtils::toStringArray (14 bytes)
Event: 6.706 Thread 0x000000001b231800 nmethod 1537 0x00000000037be850 code [0x00000000037be9c0, 0x00000000037beb88]
Event: 6.720 Thread 0x000000001b231800 1539       1       java.util.Collections::emptyList (4 bytes)
Event: 6.720 Thread 0x000000001b231800 nmethod 1539 0x00000000037bec50 code [0x00000000037beda0, 0x00000000037bee90]
Event: 6.770 Thread 0x000000001b231800 1540   !   1       java.lang.ClassLoader::definePackage (77 bytes)
Event: 6.771 Thread 0x000000001b231800 nmethod 1540 0x00000000037bf110 code [0x00000000037bf2a0, 0x00000000037bf798]
Event: 6.771 Thread 0x000000001b231800 1541       1       java.lang.Package::<init> (56 bytes)
Event: 6.771 Thread 0x000000001b231800 nmethod 1541 0x00000000037bfb10 code [0x00000000037bfc60, 0x00000000037bfe50]
Event: 6.773 Thread 0x000000001b231800 1542       1       java.net.URLClassLoader::definePackage (271 bytes)

GC Heap History (7 events):
Event: 4.348 GC heap before
{Heap before GC invocations=1 (full 0):
 PSYoungGen      total 52736K, used 45568K [0x0000000785b80000, 0x0000000789600000, 0x00000007c0000000)
  eden space 45568K, 100% used [0x0000000785b80000,0x0000000788800000,0x0000000788800000)
  from space 7168K, 0% used [0x0000000788f00000,0x0000000788f00000,0x0000000789600000)
  to   space 7168K, 0% used [0x0000000788800000,0x0000000788800000,0x0000000788f00000)
 ParOldGen       total 120320K, used 0K [0x0000000711200000, 0x0000000718780000, 0x0000000785b80000)
  object space 120320K, 0% used [0x0000000711200000,0x0000000711200000,0x0000000718780000)
 Metaspace       used 11775K, capacity 12094K, committed 12416K, reserved 1060864K
  class space    used 1489K, capacity 1576K, committed 1664K, reserved 1048576K
Event: 4.369 GC heap after
Heap after GC invocations=1 (full 0):
 PSYoungGen      total 52736K, used 6155K [0x0000000785b80000, 0x0000000789600000, 0x00000007c0000000)
  eden space 45568K, 0% used [0x0000000785b80000,0x0000000785b80000,0x0000000788800000)
  from space 7168K, 85% used [0x0000000788800000,0x0000000788e02d20,0x0000000788f00000)
  to   space 7168K, 0% used [0x0000000788f00000,0x0000000788f00000,0x0000000789600000)
 ParOldGen       total 120320K, used 16K [0x0000000711200000, 0x0000000718780000, 0x0000000785b80000)
  object space 120320K, 0% used [0x0000000711200000,0x0000000711204000,0x0000000718780000)
 Metaspace       used 11775K, capacity 12094K, committed 12416K, reserved 1060864K
  class space    used 1489K, capacity 1576K, committed 1664K, reserved 1048576K
}
Event: 5.465 GC heap before
{Heap before GC invocations=2 (full 0):
 PSYoungGen      total 52736K, used 51723K [0x0000000785b80000, 0x0000000789600000, 0x00000007c0000000)
  eden space 45568K, 100% used [0x0000000785b80000,0x0000000788800000,0x0000000788800000)
  from space 7168K, 85% used [0x0000000788800000,0x0000000788e02d20,0x0000000788f00000)
  to   space 7168K, 0% used [0x0000000788f00000,0x0000000788f00000,0x0000000789600000)
 ParOldGen       total 120320K, used 16K [0x0000000711200000, 0x0000000718780000, 0x0000000785b80000)
  object space 120320K, 0% used [0x0000000711200000,0x0000000711204000,0x0000000718780000)
 Metaspace       used 16123K, capacity 16702K, committed 17024K, reserved 1064960K
  class space    used 2187K, capacity 2348K, committed 2432K, reserved 1048576K
Event: 5.486 GC heap after
Heap after GC invocations=2 (full 0):
 PSYoungGen      total 52736K, used 7156K [0x0000000785b80000, 0x000000078c280000, 0x00000007c0000000)
  eden space 45568K, 0% used [0x0000000785b80000,0x0000000785b80000,0x0000000788800000)
  from space 7168K, 99% used [0x0000000788f00000,0x00000007895fd088,0x0000000789600000)
  to   space 7168K, 0% used [0x0000000788800000,0x0000000788800000,0x0000000788f00000)
 ParOldGen       total 120320K, used 262K [0x0000000711200000, 0x0000000718780000, 0x0000000785b80000)
  object space 120320K, 0% used [0x0000000711200000,0x0000000711241a10,0x0000000718780000)
 Metaspace       used 16123K, capacity 16702K, committed 17024K, reserved 1064960K
  class space    used 2187K, capacity 2348K, committed 2432K, reserved 1048576K
}
Event: 6.776 GC heap before
{Heap before GC invocations=3 (full 0):
 PSYoungGen      total 52736K, used 50210K [0x0000000785b80000, 0x000000078c280000, 0x00000007c0000000)
  eden space 45568K, 94% used [0x0000000785b80000,0x000000078858bb10,0x0000000788800000)
  from space 7168K, 99% used [0x0000000788f00000,0x00000007895fd088,0x0000000789600000)
  to   space 7168K, 0% used [0x0000000788800000,0x0000000788800000,0x0000000788f00000)
 ParOldGen       total 120320K, used 262K [0x0000000711200000, 0x0000000718780000, 0x0000000785b80000)
  object space 120320K, 0% used [0x0000000711200000,0x0000000711241a10,0x0000000718780000)
 Metaspace       used 20543K, capacity 21220K, committed 21296K, reserved 1067008K
  class space    used 2751K, capacity 2931K, committed 2944K, reserved 1048576K
Event: 6.796 GC heap after
Heap after GC invocations=3 (full 0):
 PSYoungGen      total 52736K, used 7166K [0x0000000785b80000, 0x000000078c280000, 0x00000007c0000000)
  eden space 45568K, 0% used [0x0000000785b80000,0x0000000785b80000,0x0000000788800000)
  from space 7168K, 99% used [0x0000000788800000,0x0000000788eff810,0x0000000788f00000)
  to   space 7168K, 0% used [0x000000078bb80000,0x000000078bb80000,0x000000078c280000)
 ParOldGen       total 120320K, used 2519K [0x0000000711200000, 0x0000000718780000, 0x0000000785b80000)
  object space 120320K, 2% used [0x0000000711200000,0x0000000711475eb0,0x0000000718780000)
 Metaspace       used 20543K, capacity 21220K, committed 21296K, reserved 1067008K
  class space    used 2751K, capacity 2931K, committed 2944K, reserved 1048576K
}
Event: 6.796 GC heap before
{Heap before GC invocations=4 (full 1):
 PSYoungGen      total 52736K, used 7166K [0x0000000785b80000, 0x000000078c280000, 0x00000007c0000000)
  eden space 45568K, 0% used [0x0000000785b80000,0x0000000785b80000,0x0000000788800000)
  from space 7168K, 99% used [0x0000000788800000,0x0000000788eff810,0x0000000788f00000)
  to   space 7168K, 0% used [0x000000078bb80000,0x000000078bb80000,0x000000078c280000)
 ParOldGen       total 120320K, used 2519K [0x0000000711200000, 0x0000000718780000, 0x0000000785b80000)
  object space 120320K, 2% used [0x0000000711200000,0x0000000711475eb0,0x0000000718780000)
 Metaspace       used 20543K, capacity 21220K, committed 21296K, reserved 1067008K
  class space    used 2751K, capacity 2931K, committed 2944K, reserved 1048576K

Deoptimization events (0 events):
No events

Internal exceptions (10 events):
Event: 6.024 Thread 0x000000001c09f000 Exception <a 'java/lang/ArrayIndexOutOfBoundsException'> (0x0000000786e80920) thrown at [C:\re\workspace\8-2-build-windows-amd64-cygwin\jdk8u131\8869\hotspot\src\share\vm\runtime\sharedRuntime.cpp, line 605]
Event: 6.049 Thread 0x000000001bfae800 Exception <a 'java/lang/reflect/InvocationTargetException'> (0x0000000785d7f500) thrown at [C:\re\workspace\8-2-build-windows-amd64-cygwin\jdk8u131\8869\hotspot\src\share\vm\runtime\reflection.cpp, line 1092]
Event: 6.071 Thread 0x000000001c09f000 Exception <a 'java/lang/ClassNotFoundException': org/springframework/context/annotation/ConfigurationClassPostProcessorCustomizer> (0x0000000786f9d1a8) thrown at [C:\re\workspace\8-2-build-windows-amd64-cygwin\jdk8u131\8869\hotspot\src\share\vm\classfile\
Event: 6.087 Thread 0x000000001c09f000 Exception <a 'java/lang/ClassNotFoundException': org/springframework/beans/factory/support/BeanDefinitionRegistryPostProcessorCustomizer> (0x000000078700ea00) thrown at [C:\re\workspace\8-2-build-windows-amd64-cygwin\jdk8u131\8869\hotspot\src\share\vm\cla
Event: 6.089 Thread 0x000000001c09f000 Exception <a 'java/lang/ClassNotFoundException': org/springframework/core/PriorityOrderedCustomizer> (0x0000000787021c90) thrown at [C:\re\workspace\8-2-build-windows-amd64-cygwin\jdk8u131\8869\hotspot\src\share\vm\classfile\systemDictionary.cpp, line 210
Event: 6.092 Thread 0x000000001c09f000 Exception <a 'java/lang/ClassNotFoundException': org/springframework/context/ResourceLoaderAwareCustomizer> (0x0000000787035aa0) thrown at [C:\re\workspace\8-2-build-windows-amd64-cygwin\jdk8u131\8869\hotspot\src\share\vm\classfile\systemDictionary.cpp, l
Event: 6.095 Thread 0x000000001c09f000 Exception <a 'java/lang/ClassNotFoundException': org/springframework/beans/factory/BeanClassLoaderAwareCustomizer> (0x000000078704c650) thrown at [C:\re\workspace\8-2-build-windows-amd64-cygwin\jdk8u131\8869\hotspot\src\share\vm\classfile\systemDictionary
Event: 6.099 Thread 0x000000001c09f000 Exception <a 'java/lang/ClassNotFoundException': org/springframework/context/EnvironmentAwareCustomizer> (0x0000000787060c90) thrown at [C:\re\workspace\8-2-build-windows-amd64-cygwin\jdk8u131\8869\hotspot\src\share\vm\classfile\systemDictionary.cpp, line
Event: 6.567 Thread 0x000000001bfae800 Exception <a 'java/lang/reflect/InvocationTargetException'> (0x0000000785d8ce18) thrown at [C:\re\workspace\8-2-build-windows-amd64-cygwin\jdk8u131\8869\hotspot\src\share\vm\runtime\reflection.cpp, line 1092]
Event: 6.679 Thread 0x000000001c2ba000 Exception <a 'java/lang/IncompatibleClassChangeError': Found class java.lang.Object, but interface was expected> (0x00000007880bec78) thrown at [C:\re\workspace\8-2-build-windows-amd64-cygwin\jdk8u131\8869\hotspot\src\share\vm\interpreter\linkResolver.cpp

Events (10 events):
Event: 6.772 loading class org/apache/tomcat/util/IntrospectionUtils$PropertySource done
Event: 6.773 loading class org/springframework/aop/framework/AopInfrastructureBean
Event: 6.773 loading class org/apache/tomcat/util/digester/Digester$SystemPropertySource
Event: 6.773 loading class org/springframework/aop/framework/AopInfrastructureBean done
Event: 6.773 loading class org/apache/tomcat/util/digester/Digester$SystemPropertySource done
Event: 6.775 loading class org/springframework/aop/framework/ProxyConfig
Event: 6.775 loading class org/springframework/aop/framework/ProxyConfig done
Event: 6.775 loading class org/apache/tomcat/util/digester/ArrayStack
Event: 6.775 loading class org/apache/tomcat/util/digester/ArrayStack done
Event: 6.776 Executing VM operation: CollectForMetadataAllocation


Dynamic libraries:
0x00007ff765520000 - 0x00007ff765557000 	F:\Javaeight\bin\java.exe
0x00007ffa35070000 - 0x00007ffa35242000 	C:\windows\SYSTEM32\ntdll.dll
0x00007ffa349a0000 - 0x00007ffa34a4c000 	C:\windows\System32\KERNEL32.DLL
0x00007ffa31740000 - 0x00007ffa3195d000 	C:\windows\System32\KERNELBASE.dll
0x00007ffa348f0000 - 0x00007ffa34992000 	C:\windows\System32\ADVAPI32.dll
0x00007ffa34fd0000 - 0x00007ffa3506e000 	C:\windows\System32\msvcrt.dll
0x00007ffa34520000 - 0x00007ffa34579000 	C:\windows\System32\sechost.dll
0x00007ffa32900000 - 0x00007ffa32a21000 	C:\windows\System32\RPCRT4.dll
0x00007ffa34780000 - 0x00007ffa348e5000 	C:\windows\System32\USER32.dll
0x00007ffa319d0000 - 0x00007ffa319ee000 	C:\windows\System32\win32u.dll
0x00007ffa34ac0000 - 0x00007ffa34af4000 	C:\windows\System32\GDI32.dll
0x00007ffa323d0000 - 0x00007ffa32550000 	C:\windows\System32\gdi32full.dll
0x00007ffa22c20000 - 0x00007ffa22e9a000 	C:\windows\WinSxS\amd64_microsoft.windows.common-controls_6595b64144ccf1df_6.0.14393.953_none_42151e83c686086b\COMCTL32.dll
0x00007ffa34ca0000 - 0x00007ffa34f68000 	C:\windows\System32\combase.dll
0x00007ffa322d0000 - 0x00007ffa323c5000 	C:\windows\System32\ucrtbase.dll
0x00007ffa31960000 - 0x00007ffa319ca000 	C:\windows\System32\bcryptPrimitives.dll
0x00007ffa32600000 - 0x00007ffa3262e000 	C:\windows\System32\IMM32.DLL
0x0000000060040000 - 0x0000000060112000 	F:\Javaeight\jre\bin\msvcr100.dll
0x000000005f7a0000 - 0x000000006003c000 	F:\Javaeight\jre\bin\server\jvm.dll
0x00007ffa34510000 - 0x00007ffa34518000 	C:\windows\System32\PSAPI.DLL
0x00007ffa22a70000 - 0x00007ffa22a79000 	C:\windows\SYSTEM32\WSOCK32.dll
0x00007ffa2ecb0000 - 0x00007ffa2ecd3000 	C:\windows\SYSTEM32\WINMM.dll
0x00007ffa34a50000 - 0x00007ffa34aba000 	C:\windows\System32\WS2_32.dll
0x00007ffa2ec80000 - 0x00007ffa2ecab000 	C:\windows\SYSTEM32\WINMMBASE.dll
0x00007ffa30ab0000 - 0x00007ffa30aba000 	C:\windows\SYSTEM32\VERSION.dll
0x00007ffa31af0000 - 0x00007ffa31b32000 	C:\windows\System32\cfgmgr32.dll
0x000000005f790000 - 0x000000005f79f000 	F:\Javaeight\jre\bin\verify.dll
0x000000005f760000 - 0x000000005f789000 	F:\Javaeight\jre\bin\java.dll
0x000000005f6c0000 - 0x000000005f6e3000 	F:\Javaeight\jre\bin\instrument.dll
0x000000005f740000 - 0x000000005f756000 	F:\Javaeight\jre\bin\zip.dll
0x00007ffa33000000 - 0x00007ffa34508000 	C:\windows\System32\SHELL32.dll
0x00007ffa31b40000 - 0x00007ffa3221a000 	C:\windows\System32\windows.storage.dll
0x00007ffa31510000 - 0x00007ffa3155c000 	C:\windows\System32\powrprof.dll
0x00007ffa34600000 - 0x00007ffa34652000 	C:\windows\System32\shlwapi.dll
0x00007ffa31560000 - 0x00007ffa3156f000 	C:\windows\System32\kernel.appcore.dll
0x00007ffa32220000 - 0x00007ffa322c9000 	C:\windows\System32\shcore.dll
0x00007ffa314f0000 - 0x00007ffa31504000 	C:\windows\System32\profapi.dll
0x00007ffa22820000 - 0x00007ffa2283a000 	E:\IntelliJ IDEA 2018.3.5\bin\breakgen64.dll
0x000000005f720000 - 0x000000005f73a000 	F:\Javaeight\jre\bin\net.dll
0x00007ffa309d0000 - 0x00007ffa30a2c000 	C:\windows\system32\mswsock.dll
0x00007ffa2f6c0000 - 0x00007ffa2f83a000 	C:\Program Files (x86)\Sangfor\SSL\ClientComponent\SangforTcpX64.dll
0x00007ffa32a30000 - 0x00007ffa32b68000 	C:\windows\System32\ole32.dll
0x00007ffa32840000 - 0x00007ffa328ff000 	C:\windows\System32\OLEAUT32.dll
0x00007ffa319f0000 - 0x00007ffa31a8c000 	C:\windows\System32\msvcp_win.dll
0x00007ffa31a90000 - 0x00007ffa31ae5000 	C:\windows\System32\WINTRUST.dll
0x00007ffa314e0000 - 0x00007ffa314f0000 	C:\windows\System32\MSASN1.dll
0x00007ffa31570000 - 0x00007ffa31739000 	C:\windows\System32\CRYPT32.dll
0x00007ffa27720000 - 0x00007ffa2774d000 	C:\Program Files (x86)\Sangfor\SSL\ClientComponent\SangforNspX64.dll
0x00007ffa307a0000 - 0x00007ffa30841000 	C:\windows\SYSTEM32\DNSAPI.dll
0x00007ffa345f0000 - 0x00007ffa345f8000 	C:\windows\System32\NSI.dll
0x00007ffa30760000 - 0x00007ffa30798000 	C:\windows\SYSTEM32\IPHLPAPI.DLL
0x00007ffa27700000 - 0x00007ffa27717000 	C:\windows\system32\wlidnsp.dll
0x00007ffa276f0000 - 0x00007ffa276fa000 	C:\Windows\System32\rasadhlp.dll
0x00007ffa27da0000 - 0x00007ffa27e0a000 	C:\windows\System32\fwpuclnt.dll
0x00007ffa31430000 - 0x00007ffa3145b000 	C:\windows\SYSTEM32\bcrypt.dll
0x000000005f6f0000 - 0x000000005f6fd000 	F:\Javaeight\jre\bin\management.dll
0x000000005f700000 - 0x000000005f711000 	F:\Javaeight\jre\bin\nio.dll
0x00007ffa30eb0000 - 0x00007ffa30ec7000 	C:\windows\SYSTEM32\CRYPTSP.dll
0x00007ffa305e0000 - 0x00007ffa30613000 	C:\windows\system32\rsaenh.dll
0x00007ffa30850000 - 0x00007ffa3086f000 	C:\windows\SYSTEM32\USERENV.dll
0x00007ffa30c40000 - 0x00007ffa30c4b000 	C:\windows\SYSTEM32\CRYPTBASE.dll
0x00007ffa2c1f0000 - 0x00007ffa2c206000 	C:\windows\SYSTEM32\dhcpcsvc6.DLL
0x00007ffa2c630000 - 0x00007ffa2c64a000 	C:\windows\SYSTEM32\dhcpcsvc.DLL
0x00007ffa2d340000 - 0x00007ffa2d356000 	C:\windows\system32\napinsp.dll
0x00007ffa2bdd0000 - 0x00007ffa2bdea000 	C:\windows\system32\pnrpnsp.dll
0x00007ffa2fc40000 - 0x00007ffa2fc58000 	C:\windows\system32\NLAapi.dll
0x00007ffa2d8d0000 - 0x00007ffa2d8de000 	C:\windows\System32\winrnr.dll
0x00007ffa17cf0000 - 0x00007ffa17e82000 	C:\windows\SYSTEM32\dbghelp.dll

VM Arguments:
jvm_args: -XX:TieredStopAtLevel=1 -Xverify:none -Dspring.output.ansi.enabled=always -Dcom.sun.management.jmxremote -Dspring.liveBeansView.mbeanDomain -Dspring.application.admin.enabled=true -javaagent:E:\IntelliJ IDEA 2018.3.5\lib\idea_rt.jar=57858:E:\IntelliJ IDEA 2018.3.5\bin -Dfile.encoding=UTF-8 
java_command: com.baizhi.CommunityApplication
java_class_path (initial): F:\Javaeight\jre\lib\charsets.jar;F:\Javaeight\jre\lib\deploy.jar;F:\Javaeight\jre\lib\ext\access-bridge-64.jar;F:\Javaeight\jre\lib\ext\cldrdata.jar;F:\Javaeight\jre\lib\ext\dnsns.jar;F:\Javaeight\jre\lib\ext\jaccess.jar;F:\Javaeight\jre\lib\ext\jfxrt.jar;F:\Javaeight\jre\lib\ext\localedata.jar;F:\Javaeight\jre\lib\ext\nashorn.jar;F:\Javaeight\jre\lib\ext\sunec.jar;F:\Javaeight\jre\lib\ext\sunjce_provider.jar;F:\Javaeight\jre\lib\ext\sunmscapi.jar;F:\Javaeight\jre\lib\ext\sunpkcs11.jar;F:\Javaeight\jre\lib\ext\zipfs.jar;F:\Javaeight\jre\lib\javaws.jar;F:\Javaeight\jre\lib\jce.jar;F:\Javaeight\jre\lib\jfr.jar;F:\Javaeight\jre\lib\jfxswt.jar;F:\Javaeight\jre\lib\jsse.jar;F:\Javaeight\jre\lib\management-agent.jar;F:\Javaeight\jre\lib\plugin.jar;F:\Javaeight\jre\lib\resources.jar;F:\Javaeight\jre\lib\rt.jar;C:\Users\Administrator\IdeaProjects\hhl\community\target\classes;E:\repository\org\springframework\boot\spring-boot-starter-web\2.0.6.RELEASE\spring-boot-starter-web-2.0.6.RELEASE.jar;E:\repository\org\springframework\boot\spring-boot-starter\2.0.6.RELEASE\spring-boot-starter-2.0.6.RELEASE.jar;E:\repository\org\springframework\boot\spring-boot-starter-logging\2.0.6.RELEASE\spring-boot-starter-logging-2.0.6.RELEASE.jar;E:\repository\ch\qos\logback\logback-classic\1.2.3\logback-classic-1.2.3.jar;E:\repository\ch\qos\logback\logback-core\1.2.3\logback-core-1.2.3.jar;E:\repository\org\apache\logging\log4j\log4j-to-slf4j\2.10.0\log4j-to-slf4j-2.10.0.jar;E:\repository\org\apache\logging\log4j\log4j-api\2.10.0\log4j-api-2.10.0.jar;E:\repository\org\slf4j\jul-to-slf4j\1.7.25\jul-to-slf4j-1.7.25.jar;E:\repository\javax\annotation\javax.annotation-api\1.3.2\javax.annotation-api-1.3.2.jar;E:\repository\org\yaml\snakeyaml\1.19\snakeyaml-1.19.jar;E:\repository\org\springframework\boot\spring-boot-starter-json\2.0.6.RELEASE\spring-boot-starter-json-2.0.6.RELEASE.jar;E:\repository\com\fasterxml\jackson\core\jackson-databind\2.9.7\jackson-databind-2.9.7
Launcher Type: SUN_STANDARD

Environment Variables:
JAVA_HOME=F:\Javaeight
PATH=F:\Javaeight\bin;F:\oraclexe\app\oracle\product\10.2.0\server\bin;C:\ProgramData\Oracle\Java\javapath;C:\windows\system32;C:\windows;C:\windows\System32\Wbem;C:\windows\System32\WindowsPowerShell\v1.0\;C:\Program Files\MATLAB\R2017b\runtime\win64;C:\Program Files\MATLAB\R2017b\bin;E:\apache-maven-3.5.4\bin;F:\bin;C:\Program Files\VanDyke Software\Clients\;E:\Git\cmd;C:\Users\Administrator\AppData\Local\Microsoft\WindowsApps;;%IntelliJ IDEA%
USERNAME=Administrator
OS=Windows_NT
PROCESSOR_IDENTIFIER=AMD64 Family 22 Model 48 Stepping 1, AuthenticAMD



---------------  S Y S T E M  ---------------

OS: Windows 10.0 , 64 bit Build 14393 (10.0.14393.1198)

CPU:total 4 (initial active 4) (4 cores per cpu, 1 threads per core) family 22 model 48 stepping 1, cmov, cx8, fxsr, mmx, sse, sse2, sse3, ssse3, sse4.1, sse4.2, popcnt, avx, aes, clmul, mmxext, 3dnowpref, lzcnt, sse4a, tsc, tscinvbit, tscinv, bmi1

Memory: 4k page, physical 11458524k(5425152k free), swap 22992860k(15652372k free)

vm_info: Java HotSpot(TM) 64-Bit Server VM (25.131-b11) for windows-amd64 JRE (1.8.0_131-b11), built on Mar 15 2017 01:23:53 by "java_re" with MS VC++ 10.0 (VS2010)

time: Sun Dec 01 16:00:59 2019
elapsed time: 7 seconds (0d 0h 0m 7s)

